<?xml version="1.0" encoding="UTF-8"?>
<!-- Generated by org.testng.reporters.JUnitReportReporter -->
<testsuite hostname="Nerea" name="Problema.Problema.ValueOfTest" tests="2" failures="0" timestamp="21 Oct 2016 10:53:22 GMT" time="0.016" errors="0">
  <testcase name="comprobarValorInt" time="0.001" classname="Problema.Problema.ValueOfTest"/>
  <testcase name="comprobarValorFloat" time="0.015" classname="Problema.Problema.ValueOfTest"/>
</testsuite> <!-- Problema.Problema.ValueOfTest -->
