<?xml version="1.0" encoding="UTF-8"?>
<!-- Generated by org.testng.reporters.JUnitReportReporter -->
<testsuite hostname="Nerea" name="Problema.Problema.ToHexStringTest" tests="2" failures="0" timestamp="21 Oct 2016 11:10:30 GMT" time="0.019" errors="0">
  <testcase name="hexadecimalInt" time="0.001" classname="Problema.Problema.ToHexStringTest"/>
  <testcase name="hexadecimalFloat" time="0.018" classname="Problema.Problema.ToHexStringTest"/>
</testsuite> <!-- Problema.Problema.ToHexStringTest -->
