<?xml version="1.0" encoding="UTF-8"?>
<!-- Generated by org.testng.reporters.JUnitReportReporter -->
<testsuite hostname="Nerea" name="Problema.Problema.ParseFloatTest" tests="2" failures="0" timestamp="21 Oct 2016 10:52:02 GMT" time="0.020" errors="0">
  <testcase name="transformarAFloatComa" time="0.001" classname="Problema.Problema.ParseFloatTest"/>
  <testcase name="transformarAFloat" time="0.019" classname="Problema.Problema.ParseFloatTest"/>
</testsuite> <!-- Problema.Problema.ParseFloatTest -->
