<?xml version="1.0" encoding="UTF-8"?>
<!-- Generated by org.testng.reporters.JUnitReportReporter -->
<testsuite hostname="Nerea" name="Problema.Problema.ParseIntTest" tests="1" failures="0" timestamp="21 Oct 2016 10:30:55 GMT" time="0.018" errors="0">
  <testcase name="transformarAInt" time="0.018" classname="Problema.Problema.ParseIntTest"/>
</testsuite> <!-- Problema.Problema.ParseIntTest -->
