<?xml version="1.0" encoding="UTF-8"?>
<!-- Generated by org.testng.reporters.JUnitReportReporter -->
<testsuite hostname="Nerea" name="Problema.Problema.ValueOfTest" tests="1" failures="0" timestamp="21 Oct 2016 10:42:04 GMT" time="0.016" errors="0">
  <testcase name="comprobarValorInt" time="0.016" classname="Problema.Problema.ValueOfTest"/>
</testsuite> <!-- Problema.Problema.ValueOfTest -->
