<?xml version="1.0" encoding="UTF-8"?>
<!-- Generated by org.testng.reporters.JUnitReportReporter -->
<testsuite hostname="Nerea" name="Problema.Problema.FloatValueTest" tests="2" failures="0" timestamp="21 Oct 2016 11:02:43 GMT" time="0.018" errors="0">
  <testcase name="floatObjectToFloatcoma" time="0.001" classname="Problema.Problema.FloatValueTest"/>
  <testcase name="floatObjectToFloat" time="0.017" classname="Problema.Problema.FloatValueTest"/>
</testsuite> <!-- Problema.Problema.FloatValueTest -->
