<?xml version="1.0" encoding="UTF-8"?>
<!-- Generated by org.testng.reporters.JUnitReportReporter -->
<testsuite hostname="Nerea" name="Problema.Problema.ToStringTest" tests="1" failures="0" timestamp="21 Oct 2016 10:43:46 GMT" time="0.017" errors="0">
  <testcase name="cadenaInteger" time="0.017" classname="Problema.Problema.ToStringTest"/>
</testsuite> <!-- Problema.Problema.ToStringTest -->
