<?xml version="1.0" encoding="UTF-8"?>
<!-- Generated by org.testng.reporters.JUnitReportReporter -->
<testsuite hostname="Nerea" name="Problema.Problema.ToStringTest" tests="2" failures="0" timestamp="21 Oct 2016 11:09:10 GMT" time="0.017" errors="0">
  <testcase name="cadenaInteger" time="0.001" classname="Problema.Problema.ToStringTest"/>
  <testcase name="cadenaFloat" time="0.016" classname="Problema.Problema.ToStringTest"/>
</testsuite> <!-- Problema.Problema.ToStringTest -->
