<?xml version="1.0" encoding="UTF-8"?>
<!-- Generated by org.testng.reporters.JUnitReportReporter -->
<testsuite hostname="Nerea" name="Problema.Problema.ToHexStringTest" tests="1" failures="0" timestamp="21 Oct 2016 10:45:42 GMT" time="0.017" errors="0">
  <testcase name="hexadecimalInt" time="0.017" classname="Problema.Problema.ToHexStringTest"/>
</testsuite> <!-- Problema.Problema.ToHexStringTest -->
